<?xml version="1.0" encoding="UTF-8" standalone="yes"?>
<ns2:test-suite start="1491928028737" stop="1491928041958" version="1.5.2" xmlns:ns2="urn:model.allure.qatools.yandex.ru">
    <name>atsdsi.framework.tests.GUI_001_NotLoggedPagesTest</name>
    <test-cases>
        <test-case start="1491928028760" stop="1491928041955" status="failed">
            <name>testLoginPageElements</name>
            <title>Pages elements test</title>
            <failure>
                <message>AssertionError: null</message>
                <stack-trace>java.lang.AssertionError
	at org.junit.Assert.fail(Assert.java:86)
	at org.junit.Assert.assertTrue(Assert.java:41)
	at org.junit.Assert.assertTrue(Assert.java:52)
	at atsdsi.framework.TestBase.Verify(TestBase.java:168)
	at atsdsi.framework.tests.GUI_001_NotLoggedPagesTest.testLoginPageElements(GUI_001_NotLoggedPagesTest.java:76)
	at sun.reflect.NativeMethodAccessorImpl.invoke0(Native Method)
	at sun.reflect.NativeMethodAccessorImpl.invoke(NativeMethodAccessorImpl.java:62)
	at sun.reflect.DelegatingMethodAccessorImpl.invoke(DelegatingMethodAccessorImpl.java:43)
	at java.lang.reflect.Method.invoke(Method.java:498)
	at org.junit.runners.model.FrameworkMethod$1.runReflectiveCall(FrameworkMethod.java:50)
	at org.junit.internal.runners.model.ReflectiveCallable.run(ReflectiveCallable.java:12)
	at org.junit.runners.model.FrameworkMethod.invokeExplosively(FrameworkMethod.java:47)
	at org.junit.internal.runners.statements.InvokeMethod.evaluate(InvokeMethod.java:17)
	at org.junit.internal.runners.statements.RunBefores.evaluate(RunBefores.java:26)
	at org.junit.rules.ExternalResource$1.evaluate(ExternalResource.java:48)
	at org.junit.rules.RunRules.evaluate(RunRules.java:20)
	at org.junit.runners.ParentRunner.runLeaf(ParentRunner.java:325)
	at org.junit.runners.BlockJUnit4ClassRunner.runChild(BlockJUnit4ClassRunner.java:78)
	at org.junit.runners.BlockJUnit4ClassRunner.runChild(BlockJUnit4ClassRunner.java:57)
	at org.junit.runners.ParentRunner$3.run(ParentRunner.java:290)
	at org.junit.runners.ParentRunner$1.schedule(ParentRunner.java:71)
	at org.junit.runners.ParentRunner.runChildren(ParentRunner.java:288)
	at org.junit.runners.ParentRunner.access$000(ParentRunner.java:58)
	at org.junit.runners.ParentRunner$2.evaluate(ParentRunner.java:268)
	at org.junit.rules.ExternalResource$1.evaluate(ExternalResource.java:48)
	at org.junit.rules.RunRules.evaluate(RunRules.java:20)
	at org.junit.runners.ParentRunner.run(ParentRunner.java:363)
	at org.junit.runners.Suite.runChild(Suite.java:128)
	at org.junit.runners.Suite.runChild(Suite.java:27)
	at org.junit.runners.ParentRunner$3.run(ParentRunner.java:290)
	at org.junit.runners.ParentRunner$1.schedule(ParentRunner.java:71)
	at org.junit.runners.ParentRunner.runChildren(ParentRunner.java:288)
	at org.junit.runners.ParentRunner.access$000(ParentRunner.java:58)
	at org.junit.runners.ParentRunner$2.evaluate(ParentRunner.java:268)
	at org.junit.runners.ParentRunner.run(ParentRunner.java:363)
	at org.apache.maven.surefire.junit4.JUnit4Provider.execute(JUnit4Provider.java:367)
	at org.apache.maven.surefire.junit4.JUnit4Provider.executeWithRerun(JUnit4Provider.java:274)
	at org.apache.maven.surefire.junit4.JUnit4Provider.executeTestSet(JUnit4Provider.java:238)
	at org.apache.maven.surefire.junit4.JUnit4Provider.invoke(JUnit4Provider.java:161)
	at org.apache.maven.surefire.booter.ForkedBooter.invokeProviderInSameClassLoader(ForkedBooter.java:290)
	at org.apache.maven.surefire.booter.ForkedBooter.runSuitesInProcess(ForkedBooter.java:242)
	at org.apache.maven.surefire.booter.ForkedBooter.main(ForkedBooter.java:121)
</stack-trace>
            </failure>
            <steps>
                <step start="1491928038611" stop="1491928038613" status="passed">
                    <name>Verify[Girls FAQ, Girls FAQ, 10, Check FAQ page - Girls FAQ tab]</name>
                    <title>Check FAQ page - Girls FAQ tab</title>
                </step>
                <step start="1491928039116" stop="1491928039116" status="passed">
                    <name>Verify[Guys FAQ, Guys FAQ, 11, Check FAQ page - Guys FAQ tab]</name>
                    <title>Check FAQ page - Guys FAQ tab</title>
                </step>
                <step start="1491928039636" stop="1491928039636" status="passed">
                    <name>Verify[General FAQ, General FAQ, 12, Check FAQ page - General FAQ tab]</name>
                    <title>Check FAQ page - General FAQ tab</title>
                </step>
                <step start="1491928041942" stop="1491928041944" status="failed">
                    <name>Verify[About mygirlfund – Social networking at its best!, About mygirlfund вЂ“ Social networking at its best!, 13, Check...]</name>
                    <title>Check FAQ page - Fratures tab</title>
                </step>
            </steps>
            <attachments/>
            <labels>
                <label name="host" value="DESKTOP-08EBJC5"/>
                <label name="thread" value="6064@DESKTOP-08EBJC5.main(1)"/>
            </labels>
        </test-case>
    </test-cases>
    <labels>
        <label name="framework" value="JUnit"/>
        <label name="language" value="JAVA"/>
    </labels>
</ns2:test-suite>
